<?xml version="1.0" encoding="UTF-8"?>
<coverage generated="1589742782732" clover="3.2.0">
  <project timestamp="1589742782733" name="All files">
    <metrics statements="7" coveredstatements="1" conditionals="0" coveredconditionals="0" methods="4" coveredmethods="1" elements="11" coveredelements="2" complexity="0" loc="7" ncloc="7" packages="1" files="1" classes="1"/>
    <file name="InForm.vue" path="C:\Users\glazk\OneDrive\Документы\HandmadeApps\emercom\src\components\InForm.vue">
      <metrics statements="7" coveredstatements="1" conditionals="0" coveredconditionals="0" methods="4" coveredmethods="1"/>
      <line num="45" count="3" type="stmt"/>
      <line num="53" count="0" type="stmt"/>
      <line num="57" count="0" type="stmt"/>
      <line num="60" count="0" type="stmt"/>
      <line num="62" count="0" type="stmt"/>
      <line num="65" count="0" type="stmt"/>
      <line num="69" count="0" type="stmt"/>
    </file>
  </project>
</coverage>
