<?xml version="1.0" encoding="UTF-8"?>
<coverage generated="1590000102440" clover="3.2.0">
  <project timestamp="1590000102440" name="All files">
    <metrics statements="22" coveredstatements="17" conditionals="0" coveredconditionals="0" methods="11" coveredmethods="9" elements="33" coveredelements="26" complexity="0" loc="22" ncloc="22" packages="1" files="3" classes="3"/>
    <file name="InForm.vue" path="C:\Users\glazk\OneDrive\Документы\HandmadeApps\emercom\src\components\InForm.vue">
      <metrics statements="7" coveredstatements="5" conditionals="0" coveredconditionals="0" methods="4" coveredmethods="3"/>
      <line num="47" count="6" type="stmt"/>
      <line num="56" count="1" type="stmt"/>
      <line num="60" count="1" type="stmt"/>
      <line num="63" count="1" type="stmt"/>
      <line num="65" count="1" type="stmt"/>
      <line num="68" count="0" type="stmt"/>
      <line num="72" count="0" type="stmt"/>
    </file>
    <file name="MainAlert.vue" path="C:\Users\glazk\OneDrive\Документы\HandmadeApps\emercom\src\components\MainAlert.vue">
      <metrics statements="12" coveredstatements="9" conditionals="0" coveredconditionals="0" methods="6" coveredmethods="5"/>
      <line num="15" count="1" type="stmt"/>
      <line num="16" count="1" type="stmt"/>
      <line num="24" count="5" type="stmt"/>
      <line num="31" count="5" type="stmt"/>
      <line num="32" count="5" type="stmt"/>
      <line num="36" count="4" type="stmt"/>
      <line num="37" count="4" type="stmt"/>
      <line num="41" count="1" type="stmt"/>
      <line num="42" count="1" type="stmt"/>
      <line num="46" count="0" type="stmt"/>
      <line num="49" count="0" type="stmt"/>
      <line num="50" count="0" type="stmt"/>
    </file>
    <file name="MessageBox.vue" path="C:\Users\glazk\OneDrive\Документы\HandmadeApps\emercom\src\components\MessageBox.vue">
      <metrics statements="3" coveredstatements="3" conditionals="0" coveredconditionals="0" methods="1" coveredmethods="1"/>
      <line num="13" count="2" type="stmt"/>
      <line num="20" count="9" type="stmt"/>
      <line num="21" count="9" type="stmt"/>
    </file>
  </project>
</coverage>
