{"C:\\Users\\glazk\\OneDrive\\Документы\\HandmadeApps\\emercom\\src\\components\\InForm.vue": {"path":"C:\\Users\\glazk\\OneDrive\\Документы\\HandmadeApps\\emercom\\src\\components\\InForm.vue","statementMap":{"0":{"start":{"line":47,"column":0},"end":{"line":47,"column":null}},"1":{"start":{"line":56,"column":0},"end":{"line":56,"column":null}},"2":{"start":{"line":60,"column":0},"end":{"line":73,"column":null}},"3":{"start":{"line":63,"column":0},"end":{"line":69,"column":null}},"4":{"start":{"line":65,"column":0},"end":{"line":65,"column":null}},"5":{"start":{"line":68,"column":0},"end":{"line":68,"column":null}},"6":{"start":{"line":72,"column":0},"end":{"line":72,"column":null}}},"fnMap":{"0":{"name":"(anonymous_1)","decl":{"start":{"line":46,"column":0},"end":{"line":46,"column":null}},"loc":{"start":{"line":46,"column":0},"end":{"line":52,"column":null}}},"1":{"name":"(anonymous_2)","decl":{"start":{"line":55,"column":0},"end":{"line":55,"column":null}},"loc":{"start":{"line":55,"column":0},"end":{"line":74,"column":null}}},"2":{"name":"(anonymous_3)","decl":{"start":{"line":63,"column":0},"end":{"line":63,"column":null}},"loc":{"start":{"line":63,"column":0},"end":{"line":66,"column":null}}},"3":{"name":"(anonymous_4)","decl":{"start":{"line":66,"column":0},"end":{"line":66,"column":null}},"loc":{"start":{"line":66,"column":0},"end":{"line":69,"column":null}}}},"branchMap":{},"s":{"0":6,"1":1,"2":1,"3":1,"4":1,"5":0,"6":0},"f":{"0":6,"1":1,"2":1,"3":0},"b":{}}
,"C:\\Users\\glazk\\OneDrive\\Документы\\HandmadeApps\\emercom\\src\\components\\MainAlert.vue": {"path":"C:\\Users\\glazk\\OneDrive\\Документы\\HandmadeApps\\emercom\\src\\components\\MainAlert.vue","statementMap":{"0":{"start":{"line":15,"column":0},"end":{"line":15,"column":null}},"1":{"start":{"line":16,"column":0},"end":{"line":16,"column":null}},"2":{"start":{"line":24,"column":0},"end":{"line":24,"column":null}},"3":{"start":{"line":31,"column":0},"end":{"line":51,"column":null}},"4":{"start":{"line":32,"column":0},"end":{"line":47,"column":null}},"5":{"start":{"line":36,"column":0},"end":{"line":38,"column":null}},"6":{"start":{"line":37,"column":0},"end":{"line":37,"column":null}},"7":{"start":{"line":41,"column":0},"end":{"line":41,"column":null}},"8":{"start":{"line":42,"column":0},"end":{"line":42,"column":null}},"9":{"start":{"line":46,"column":0},"end":{"line":46,"column":null}},"10":{"start":{"line":49,"column":0},"end":{"line":49,"column":null}},"11":{"start":{"line":50,"column":0},"end":{"line":50,"column":null}}},"fnMap":{"0":{"name":"(anonymous_1)","decl":{"start":{"line":23,"column":0},"end":{"line":23,"column":null}},"loc":{"start":{"line":23,"column":0},"end":{"line":28,"column":null}}},"1":{"name":"(anonymous_2)","decl":{"start":{"line":30,"column":0},"end":{"line":30,"column":null}},"loc":{"start":{"line":30,"column":0},"end":{"line":52,"column":null}}},"2":{"name":"(anonymous_3)","decl":{"start":{"line":32,"column":0},"end":{"line":32,"column":null}},"loc":{"start":{"line":32,"column":0},"end":{"line":39,"column":null}}},"3":{"name":"(anonymous_4)","decl":{"start":{"line":36,"column":0},"end":{"line":36,"column":null}},"loc":{"start":{"line":36,"column":0},"end":{"line":38,"column":null}}},"4":{"name":"(anonymous_5)","decl":{"start":{"line":39,"column":0},"end":{"line":39,"column":null}},"loc":{"start":{"line":39,"column":0},"end":{"line":43,"column":null}}},"5":{"name":"(anonymous_6)","decl":{"start":{"line":43,"column":0},"end":{"line":43,"column":null}},"loc":{"start":{"line":43,"column":0},"end":{"line":47,"column":null}}}},"branchMap":{},"s":{"0":1,"1":1,"2":5,"3":5,"4":5,"5":4,"6":4,"7":1,"8":1,"9":0,"10":0,"11":0},"f":{"0":5,"1":5,"2":4,"3":4,"4":1,"5":0},"b":{}}
,"C:\\Users\\glazk\\OneDrive\\Документы\\HandmadeApps\\emercom\\src\\components\\MessageBox.vue": {"path":"C:\\Users\\glazk\\OneDrive\\Документы\\HandmadeApps\\emercom\\src\\components\\MessageBox.vue","statementMap":{"0":{"start":{"line":13,"column":0},"end":{"line":13,"column":null}},"1":{"start":{"line":20,"column":0},"end":{"line":20,"column":null}},"2":{"start":{"line":21,"column":0},"end":{"line":21,"column":null}}},"fnMap":{"0":{"name":"(anonymous_1)","decl":{"start":{"line":19,"column":0},"end":{"line":19,"column":null}},"loc":{"start":{"line":19,"column":0},"end":{"line":22,"column":null}}}},"branchMap":{},"s":{"0":2,"1":9,"2":9},"f":{"0":9},"b":{}}
}
