TN:
SF:src\components\InForm.vue
FN:46,(anonymous_1)
FN:55,(anonymous_2)
FN:63,(anonymous_3)
FN:66,(anonymous_4)
FNF:4
FNH:3
FNDA:6,(anonymous_1)
FNDA:1,(anonymous_2)
FNDA:1,(anonymous_3)
FNDA:0,(anonymous_4)
DA:47,6
DA:56,1
DA:60,1
DA:63,1
DA:65,1
DA:68,0
DA:72,0
LF:7
LH:5
BRF:0
BRH:0
end_of_record
TN:
SF:src\components\MainAlert.vue
FN:23,(anonymous_1)
FN:30,(anonymous_2)
FN:32,(anonymous_3)
FN:36,(anonymous_4)
FN:39,(anonymous_5)
FN:43,(anonymous_6)
FNF:6
FNH:5
FNDA:5,(anonymous_1)
FNDA:5,(anonymous_2)
FNDA:4,(anonymous_3)
FNDA:4,(anonymous_4)
FNDA:1,(anonymous_5)
FNDA:0,(anonymous_6)
DA:15,1
DA:16,1
DA:24,5
DA:31,5
DA:32,5
DA:36,4
DA:37,4
DA:41,1
DA:42,1
DA:46,0
DA:49,0
DA:50,0
LF:12
LH:9
BRF:0
BRH:0
end_of_record
TN:
SF:src\components\MessageBox.vue
FN:19,(anonymous_1)
FNF:1
FNH:1
FNDA:9,(anonymous_1)
DA:13,2
DA:20,9
DA:21,9
LF:3
LH:3
BRF:0
BRH:0
end_of_record
